Arguments: 
  C:\Program Files\nodejs\node.exe C:\Users\Yasmine\AppData\Roaming\npm\node_modules\yarn\bin\yarn.js add react-circular-progressbar

PATH: 
  C:\Program Files (x86)\Common Files\Intel\Shared Libraries\redist\intel64\compiler;C:\Windows\system32;C:\Windows;C:\Windows\System32\Wbem;C:\Windows\System32\WindowsPowerShell\v1.0\;C:\Windows\System32\OpenSSH\;C:\Program Files (x86)\NVIDIA Corporation\PhysX\Common;C:\Program Files\NVIDIA Corporation\NVIDIA NvDLISR;C:\Program Files (x86)\PICC;C:\Program Files\Microchip\xc32\v4.00\bin;C:\PROGRA~2\PICC;C:\Program Files (x86)\Microchip\MPLAB C32 Suite\bin;C:\Program Files (x86)\HI-TECH Software\PICC-18\9.80\bin;C:\WINDOWS\system32;C:\WINDOWS;C:\WINDOWS\System32\Wbem;C:\WINDOWS\System32\WindowsPowerShell\v1.0\;C:\WINDOWS\System32\OpenSSH\;C:\Program Files\Polyspace\R2020a\runtime\win64;C:\Program Files\Polyspace\R2020a\bin;C:\Program Files\Polyspace\R2020a\polyspace\bin;C:\Program Files\Git\cmd;C:\CooCox\CoIDE\gcc\bin;C:\Program Files\nodejs\;C:\Users\Yasmine\AppData\Local\Programs\Python\Python310\Scripts\;C:\Users\Yasmine\AppData\Local\Programs\Python\Python310\;C:\Users\Yasmine\AppData\Local\Microsoft\WindowsApps;C:\Program Files\CodeBlocks\MinGW\bin;C:\Program Files\JetBrains\PyCharm 2021.3.1\bin;;C:\Program Files\JetBrains\PyCharm Community Edition 2022.1.3\bin;;C:\Users\Yasmine\AppData\Local\Programs\Microsoft VS Code\bin;C:\Users\Yasmine\AppData\Roaming\npm;C:\Users\Yasmine\AppData\Local\GitHubDesktop\bin

Yarn version: 
  1.22.19

Node version: 
  16.17.1

Platform: 
  win32 x64

Trace: 
  Error: EPERM: operation not permitted, copyfile 'C:\Users\Yasmine\AppData\Local\Yarn\Cache\v6\npm-@pmmmwh-react-refresh-webpack-plugin-0.5.10-2eba163b8e7dbabb4ce3609ab5e32ab63dda3ef8-integrity\node_modules\@pmmmwh\react-refresh-webpack-plugin\package.json' -> 'C:\Users\Yasmine\Documents\TECH\reacttt\dashbord1\node_modules\@pmmmwh\react-refresh-webpack-plugin\package.json'

npm manifest: 
  {
    "name": "dashbord1",
    "version": "0.1.0",
    "private": true,
    "dependencies": {
      "@emotion/react": "^11.10.5",
      "@emotion/styled": "^11.10.5",
      "@mui/icons-material": "^5.11.0",
      "@mui/material": "^5.11.6",
      "@testing-library/jest-dom": "^5.16.5",
      "@testing-library/react": "^13.4.0",
      "@testing-library/user-event": "^13.5.0",
      "react": "^18.2.0",
      "react-dom": "^18.2.0",
      "react-router-dom": "^6.8.0",
      "react-scripts": "5.0.1",
      "sass": "^1.57.1",
      "web-vitals": "^2.1.4"
    },
    "scripts": {
      "start": "react-scripts start",
      "build": "react-scripts build",
      "test": "react-scripts test",
      "eject": "react-scripts eject"
    },
    "eslintConfig": {
      "extends": [
        "react-app",
        "react-app/jest"
      ]
    },
    "browserslist": {
      "production": [
        ">0.2%",
        "not dead",
        "not op_mini all"
      ],
      "development": [
        "last 1 chrome version",
        "last 1 firefox version",
        "last 1 safari version"
      ]
    }
  }

yarn manifest: 
  No manifest

Lockfile: 
  No lockfile
